Arguments: 
  /Users/aishacodes/.nvm/versions/node/v14.15.2/bin/node /Users/aishacodes/.nvm/versions/node/v14.15.2/bin/yarn

PATH: 
  /Users/aishacodes/.nvm/versions/node/v14.15.2/bin:/usr/local/bin:/usr/bin:/bin:/usr/sbin:/sbin:$HOME/Library/Python/2.7/bin:/Library/Apple/usr/bin

Yarn version: 
  1.22.10

Node version: 
  14.15.2

Platform: 
  darwin x64

Trace: 
  Error: https://registry.yarnpkg.com/react-dom: ETIMEDOUT
      at Timeout._onTimeout (/Users/aishacodes/.nvm/versions/node/v14.15.2/lib/node_modules/yarn/lib/cli.js:141322:19)
      at listOnTimeout (internal/timers.js:554:17)
      at processTimers (internal/timers.js:497:7)

npm manifest: 
  {
    "name": "widgets",
    "version": "0.0.0",
    "scripts": {
      "dev": "vite",
      "build": "tsc && vite build",
      "serve": "vite preview"
    },
    "dependencies": {
      "react": "^17.0.0",
      "react-dom": "^17.0.0"
    },
    "devDependencies": {
      "@types/react": "^17.0.0",
      "@types/react-dom": "^17.0.0",
      "@vitejs/plugin-react-refresh": "^1.3.1",
      "typescript": "^4.3.2",
      "vite": "^2.4.2"
    }
  }

yarn manifest: 
  No manifest

Lockfile: 
  No lockfile
